<?xml version="1.0" encoding="UTF-8"?>
<!-- Generated by org.testng.reporters.JUnitReportReporter -->
<testsuite hostname="DESKTOP-3NM67P2" failures="0" tests="6" name="com.roger.qa.testcsaes.LoginPageTest" time="102.920" errors="0" timestamp="2021-03-13T18:28:57 IST" skipped="0">
  <testcase classname="com.roger.qa.testcsaes.LoginPageTest" name="loginDataTest" time="18.069"/>
  <system-out/>
  <testcase classname="com.roger.qa.testcsaes.LoginPageTest" name="loginDataTest" time="19.873"/>
  <system-out/>
  <testcase classname="com.roger.qa.testcsaes.LoginPageTest" name="loginDataTest" time="18.635"/>
  <system-out/>
  <testcase classname="com.roger.qa.testcsaes.LoginPageTest" name="loginDataTest" time="17.679"/>
  <system-out/>
  <testcase classname="com.roger.qa.testcsaes.LoginPageTest" name="validateLoginpageTitle" time="15.109"/>
  <system-out/>
  <testcase classname="com.roger.qa.testcsaes.LoginPageTest" name="clickONSignUP" time="13.555"/>
  <system-out/>
</testsuite> <!-- com.roger.qa.testcsaes.LoginPageTest -->
