<?xml version="1.0" encoding="UTF-8"?>
<!-- Generated by org.testng.reporters.JUnitReportReporter -->
<testsuite hostname="DESKTOP-3NM67P2" failures="0" tests="3" name="com.roger.qa.testcsaes.SignUpPageTest" time="102.938" errors="0" timestamp="2021-03-10T21:35:33 IST" skipped="0">
  <testcase classname="com.roger.qa.testcsaes.SignUpPageTest" name="validatesignuppageTitleTest" time="22.315"/>
  <system-out/>
  <testcase classname="com.roger.qa.testcsaes.SignUpPageTest" name="emailuserTest" time="25.535"/>
  <system-out/>
  <testcase classname="com.roger.qa.testcsaes.SignUpPageTest" name="click" time="55.088"/>
  <system-out/>
</testsuite> <!-- com.roger.qa.testcsaes.SignUpPageTest -->
