<?xml version="1.0" encoding="UTF-8"?>
<!-- Generated by org.testng.reporters.JUnitReportReporter -->
<testsuite hostname="DESKTOP-3NM67P2" failures="0" tests="5" name="com.roger.qa.testcsaes.MainURLPageTest" time="64.169" errors="0" timestamp="2021-03-09T21:59:11 IST" skipped="0">
  <testcase classname="com.roger.qa.testcsaes.MainURLPageTest" name="validateMainpageTitleTest" time="10.289"/>
  <system-out/>
  <testcase classname="com.roger.qa.testcsaes.MainURLPageTest" name="validaterogerLogoTest" time="9.316"/>
  <system-out/>
  <testcase classname="com.roger.qa.testcsaes.MainURLPageTest" name="validaterogerpersonalTest" time="12.623"/>
  <system-out/>
  <testcase classname="com.roger.qa.testcsaes.MainURLPageTest" name="validaterogerBussinessTest" time="15.455"/>
  <system-out/>
  <testcase classname="com.roger.qa.testcsaes.MainURLPageTest" name="ClickonSignInTest" time="16.486"/>
  <system-out/>
</testsuite> <!-- com.roger.qa.testcsaes.MainURLPageTest -->
