<?xml version="1.0" encoding="UTF-8"?>
<!-- Generated by org.testng.reporters.JUnitReportReporter -->
<testsuite hostname="DESKTOP-3NM67P2" failures="0" tests="5" name="com.roger.qa.testcsaes.LoginPageTest" time="117.669" errors="0" timestamp="2021-03-12T21:21:16 IST" skipped="0">
  <testcase classname="com.roger.qa.testcsaes.LoginPageTest" name="loginDataTest" time="21.680"/>
  <system-out/>
  <testcase classname="com.roger.qa.testcsaes.LoginPageTest" name="validateLoginpageTitle" time="18.730"/>
  <system-out/>
  <testcase classname="com.roger.qa.testcsaes.LoginPageTest" name="loginDataTest" time="24.151"/>
  <system-out/>
  <testcase classname="com.roger.qa.testcsaes.LoginPageTest" name="loginDataTest" time="19.485"/>
  <system-out/>
  <testcase classname="com.roger.qa.testcsaes.LoginPageTest" name="loginDataTest" time="33.623"/>
  <system-out/>
</testsuite> <!-- com.roger.qa.testcsaes.LoginPageTest -->
