<?xml version="1.0" encoding="UTF-8"?>
<!-- Generated by org.testng.reporters.JUnitReportReporter -->
<testsuite hostname="DESKTOP-3NM67P2" failures="0" tests="5" name="com.roger.qa.testcsaes.MainURLPageTest" time="67.292" errors="0" timestamp="2021-03-13T18:28:57 IST" skipped="0">
  <testcase classname="com.roger.qa.testcsaes.MainURLPageTest" name="validateMainpageTitleTest" time="25.153"/>
  <system-out/>
  <testcase classname="com.roger.qa.testcsaes.MainURLPageTest" name="validaterogerLogoTest" time="11.042"/>
  <system-out/>
  <testcase classname="com.roger.qa.testcsaes.MainURLPageTest" name="validaterogerpersonalTest" time="9.430"/>
  <system-out/>
  <testcase classname="com.roger.qa.testcsaes.MainURLPageTest" name="validaterogerBussinessTest" time="8.969"/>
  <system-out/>
  <testcase classname="com.roger.qa.testcsaes.MainURLPageTest" name="ClickonSignInTest" time="12.698"/>
  <system-out/>
</testsuite> <!-- com.roger.qa.testcsaes.MainURLPageTest -->
