<?xml version="1.0" encoding="UTF-8"?>
<!-- Generated by org.testng.reporters.JUnitReportReporter -->
<testsuite hostname="DESKTOP-3NM67P2" failures="0" tests="1" name="com.roger.qa.util.DataFromExcel" time="7.789" errors="0" timestamp="2021-03-12T20:11:47 IST" skipped="0">
  <testcase classname="com.roger.qa.util.DataFromExcel" name="readDataFromExcel" time="7.789"/>
  <system-out/>
</testsuite> <!-- com.roger.qa.util.DataFromExcel -->
