<?xml version="1.0" encoding="UTF-8"?>
<!-- Generated by org.testng.reporters.JUnitReportReporter -->
<testsuite hostname="DESKTOP-3NM67P2" failures="0" tests="1" name="ExtentReportListener.ExtentReportListener" time="10.352" errors="0" timestamp="2021-03-13T15:25:21 IST" skipped="0">
  <testcase classname="ExtentReportListener.ExtentReportListener" name="extentReports" time="10.352"/>
  <system-out/>
</testsuite> <!-- ExtentReportListener.ExtentReportListener -->
