<?xml version="1.0" encoding="UTF-8"?>
<!-- Generated by org.testng.reporters.JUnitReportReporter -->
<testsuite hostname="DESKTOP-3NM67P2" failures="0" tests="5" name="com.roger.qa.testcsaes.MainURLPageTest" time="50.001" errors="0" timestamp="2021-03-10T20:39:37 IST" skipped="0">
  <testcase classname="com.roger.qa.testcsaes.MainURLPageTest" name="validateMainpageTitleTest" time="8.991"/>
  <system-out/>
  <testcase classname="com.roger.qa.testcsaes.MainURLPageTest" name="validaterogerLogoTest" time="8.396"/>
  <system-out/>
  <testcase classname="com.roger.qa.testcsaes.MainURLPageTest" name="validaterogerpersonalTest" time="11.430"/>
  <system-out/>
  <testcase classname="com.roger.qa.testcsaes.MainURLPageTest" name="validaterogerBussinessTest" time="8.948"/>
  <system-out/>
  <testcase classname="com.roger.qa.testcsaes.MainURLPageTest" name="ClickonSignInTest" time="12.236"/>
  <system-out/>
</testsuite> <!-- com.roger.qa.testcsaes.MainURLPageTest -->
