<?xml version="1.0" encoding="UTF-8"?>
<!-- Generated by org.testng.reporters.JUnitReportReporter -->
<testsuite hostname="DESKTOP-3NM67P2" failures="0" tests="2" name="com.roger.qa.testcsaes.LoginPageTest" time="60.287" errors="0" timestamp="2021-03-10T20:41:51 IST" skipped="0">
  <testcase classname="com.roger.qa.testcsaes.LoginPageTest" name="validateLoginpageTitle" time="15.435"/>
  <system-out/>
  <testcase classname="com.roger.qa.testcsaes.LoginPageTest" name="clickonRegister" time="44.852"/>
  <system-out/>
</testsuite> <!-- com.roger.qa.testcsaes.LoginPageTest -->
