<?xml version="1.0" encoding="UTF-8"?>
<!-- Generated by org.testng.reporters.JUnitReportReporter -->
<testsuite hostname="DESKTOP-3NM67P2" failures="0" tests="3" name="com.roger.qa.testcsaes.SignUpPageTest" time="102.619" errors="0" timestamp="2021-03-13T18:28:57 IST" skipped="0">
  <testcase classname="com.roger.qa.testcsaes.SignUpPageTest" name="click" time="53.862"/>
  <system-out/>
  <testcase classname="com.roger.qa.testcsaes.SignUpPageTest" name="emailuserTest" time="27.310"/>
  <system-out/>
  <testcase classname="com.roger.qa.testcsaes.SignUpPageTest" name="validatesignuppageTitleTest" time="21.447"/>
  <system-out/>
</testsuite> <!-- com.roger.qa.testcsaes.SignUpPageTest -->
